0 info it worked if it ends with ok
1 verbose cli [ '/Users/David/.nvm/versions/node/v4.1.2/bin/node',
1 verbose cli   '/Users/David/.nvm/versions/node/v4.1.2/bin/npm',
1 verbose cli   'run',
1 verbose cli   'mocha' ]
2 info using npm@3.10.9
3 info using node@v4.1.2
4 verbose run-script [ 'premocha', 'mocha', 'postmocha' ]
5 info lifecycle create-user@1.0.0~premocha: create-user@1.0.0
6 silly lifecycle create-user@1.0.0~premocha: no script for premocha, continuing
7 info lifecycle create-user@1.0.0~mocha: create-user@1.0.0
8 verbose lifecycle create-user@1.0.0~mocha: unsafe-perm in lifecycle true
9 verbose lifecycle create-user@1.0.0~mocha: PATH: /Users/David/.nvm/versions/node/v4.1.2/lib/node_modules/npm/bin/node-gyp-bin:/Users/David/projects/lambda-experiments/create-user/node_modules/.bin:/Library/Android/sdk/platform-tools/:/Library/Frameworks/Python.framework/Versions/3.5/bin:/Users/David/.nvm/versions/node/v4.1.2/bin:/Library/Android/sdk/platform-tools/:/Library/Frameworks/Python.framework/Versions/3.5/bin:/Users/David/.rvm/gems/ruby-2.2.0/bin:/Users/David/.rvm/gems/ruby-2.2.0@global/bin:/Users/David/.rvm/rubies/ruby-2.2.0/bin:/usr/local/bin:/usr/bin:/bin:/usr/sbin:/sbin:/Library/Frameworks/Mono.framework/Versions/Current/Commands:/Applications/Wireshark.app/Contents/MacOS:/Users/David/.rvm/bin:/Applications/Postgres.app/Contents/Versions/latest/bin:/Users/David/.rvm/bin:/Applications/Postgres.app/Contents/Versions/latest/bin
10 verbose lifecycle create-user@1.0.0~mocha: CWD: /Users/David/projects/lambda-experiments/create-user
11 silly lifecycle create-user@1.0.0~mocha: Args: [ '-c', 'mocha test/mocha/**/*.js' ]
12 silly lifecycle create-user@1.0.0~mocha: Returned: code: 1  signal: null
13 info lifecycle create-user@1.0.0~mocha: Failed to exec mocha script
14 verbose stack Error: create-user@1.0.0 mocha: `mocha test/mocha/**/*.js`
14 verbose stack Exit status 1
14 verbose stack     at EventEmitter.<anonymous> (/Users/David/.nvm/versions/node/v4.1.2/lib/node_modules/npm/lib/utils/lifecycle.js:255:16)
14 verbose stack     at emitTwo (events.js:87:13)
14 verbose stack     at EventEmitter.emit (events.js:172:7)
14 verbose stack     at ChildProcess.<anonymous> (/Users/David/.nvm/versions/node/v4.1.2/lib/node_modules/npm/lib/utils/spawn.js:40:14)
14 verbose stack     at emitTwo (events.js:87:13)
14 verbose stack     at ChildProcess.emit (events.js:172:7)
14 verbose stack     at maybeClose (internal/child_process.js:818:16)
14 verbose stack     at Process.ChildProcess._handle.onexit (internal/child_process.js:211:5)
15 verbose pkgid create-user@1.0.0
16 verbose cwd /Users/David/projects/lambda-experiments/create-user
17 error Darwin 15.6.0
18 error argv "/Users/David/.nvm/versions/node/v4.1.2/bin/node" "/Users/David/.nvm/versions/node/v4.1.2/bin/npm" "run" "mocha"
19 error node v4.1.2
20 error npm  v3.10.9
21 error code ELIFECYCLE
22 error create-user@1.0.0 mocha: `mocha test/mocha/**/*.js`
22 error Exit status 1
23 error Failed at the create-user@1.0.0 mocha script 'mocha test/mocha/**/*.js'.
23 error Make sure you have the latest version of node.js and npm installed.
23 error If you do, this is most likely a problem with the create-user package,
23 error not with npm itself.
23 error Tell the author that this fails on your system:
23 error     mocha test/mocha/**/*.js
23 error You can get information on how to open an issue for this project with:
23 error     npm bugs create-user
23 error Or if that isn't available, you can get their info via:
23 error     npm owner ls create-user
23 error There is likely additional logging output above.
24 verbose exit [ 1, true ]
